<?xml version="1.0" encoding="UTF-8"?>
<!-- Generated by org.testng.reporters.JUnitReportReporter -->
<testsuite hostname="DESKTOP-2RL33PM" failures="0" tests="1" name="script.DemoTest3" time="15.091" errors="0" timestamp="2023-05-03T12:07:51 IST" skipped="0">
  <testcase classname="script.DemoTest3" name="demoTest1" time="15.091"/>
  <system-out>
    <![CDATA[Facebook â€“ log in or sign up]]>
  </system-out>
</testsuite> <!-- script.DemoTest3 -->
