<?xml version="1.0" encoding="UTF-8"?>
<!-- Generated by org.testng.reporters.JUnitReportReporter -->
<testsuite hostname="DESKTOP-2RL33PM" failures="0" tests="1" name="script.ValidLogin" time="27.516" errors="0" timestamp="2023-05-04T12:54:34 IST" skipped="0">
  <testcase classname="script.ValidLogin" name="testValidLogin" time="27.516"/>
  <system-out>
    <![CDATA[HomePage is Displayed]]>
  </system-out>
</testsuite> <!-- script.ValidLogin -->
