<?xml version="1.0" encoding="UTF-8"?>
<!-- Generated by org.testng.reporters.JUnitReportReporter -->
<testsuite hostname="DESKTOP-2RL33PM" failures="0" tests="1" name="script.InvalidLogin" time="35.920" errors="0" timestamp="2023-05-05T11:34:10 IST" skipped="0">
  <testcase classname="script.InvalidLogin" name="testInvalidLogin" time="35.920"/>
  <system-out>
    <![CDATA[Err Msg is Displayed
Err Msg is Displayed]]>
  </system-out>
</testsuite> <!-- script.InvalidLogin -->
