<?xml version="1.0" encoding="UTF-8"?>
<!-- Generated by org.testng.reporters.JUnitReportReporter -->
<testsuite hostname="DESKTOP-2RL33PM" failures="0" tests="1" name="script.ValidLogin1" time="21.785" errors="0" timestamp="2023-05-04T23:28:02 IST" skipped="0">
  <testcase classname="script.ValidLogin1" name="testvalidLogin" time="21.785"/>
  <system-out>
    <![CDATA[HomePage is displayed]]>
  </system-out>
</testsuite> <!-- script.ValidLogin1 -->
