<?xml version="1.0" encoding="UTF-8"?>
<!-- Generated by org.testng.reporters.JUnitReportReporter -->
<testsuite hostname="DESKTOP-2RL33PM" failures="0" tests="1" name="script.DemoTest2" time="19.651" errors="0" timestamp="2023-05-04T11:36:28 IST" skipped="0">
  <testcase classname="script.DemoTest2" name="demoTest1" time="19.651"/>
  <system-out>
    <![CDATA[Facebook â€“ log in or sign up]]>
  </system-out>
</testsuite> <!-- script.DemoTest2 -->
